2021/06/02-13:39:23	ERROR	登录失败	{"err": "登录失败,Key: 'Person.Name' Error:Field validation for 'Name' failed on the 'required' tag\nKey: 'Person.Password' Error:Field validation for 'Password' failed on the 'required' tag"}
2021/06/02-13:42:02	ERROR	登录失败	{"err": "ZnVjaw=="}
2021/06/02-13:42:18	ERROR	登录失败	{"err": "ZnVja2tr"}
2021/06/02-13:47:51	ERROR	登录失败	{"err": "Key: 'Person.Name' Error:Field validation for 'Name' failed on the 'required' tag\nKey: 'Person.Password' Error:Field validation for 'Password' failed on the 'required' tag"}
2021/06/02-13:47:51	INFO	登录失败	{"url": "111"}
2021/06/02-13:51:39	ERROR	api/login.go:19	登录失败	{"err": "Key: 'Person.Name' Error:Field validation for 'Name' failed on the 'required' tag\nKey: 'Person.Password' Error:Field validation for 'Password' failed on the 'required' tag"}
2021/06/02-13:51:39	INFO	api/login.go:20	登录失败	{"url": "111"}
2021/06/02-14:37:46	ERROR	api/login.go:20	登录失败	{"err": "Key: 'Person.Name' Error:Field validation for 'Name' failed on the 'required' tag\nKey: 'Person.Password' Error:Field validation for 'Password' failed on the 'required' tag"}
2021/06/02-14:39:51	ERROR	api/login.go:20	登录失败	{"err": "Key: 'Person.Name' Error:Field validation for 'Name' failed on the 'required' tag\nKey: 'Person.Password' Error:Field validation for 'Password' failed on the 'required' tag"}
2021/06/02-14:40:40	ERROR	api/login.go:20	登录失败	{"err": "登录失败,map[Person.Name:Name为必填字段 Person.Password:Password为必填字段]"}
2021/06/02-14:44:51	ERROR	api/login.go:20	登录失败	{"err": "登录失败,map[Person.Name:Name为必填字段 Person.Password:Password为必填字段]"}
2021/06/02-15:13:48	ERROR	api/login.go:21	登录失败	{"err": "登录失败,Key: 'Person.Name' Error:Field validation for 'Name' failed on the 'required' tag\nKey: 'Person.Password' Error:Field validation for 'Password' failed on the 'required' tag"}
2021/06/02-15:36:52	ERROR	api/login.go:20	登录失败	{"err": "登录失败,map[Person.Name:Key: 'Person.Name' Error:Field validation for 'Name' failed on the 'required' tag Person.Password:Key: 'Person.Password' Error:Field validation for 'Password' failed on the 'required' tag]"}
2021/06/02-15:38:16	ERROR	api/login.go:20	登录失败	{"err": "登录失败,map[Name:Key: 'Person.Name' Error:Field validation for 'Name' failed on the 'required' tag Password:Key: 'Person.Password' Error:Field validation for 'Password' failed on the 'required' tag]"}
2021/06/02-15:58:27	ERROR	api/login.go:21	登录失败	{"err": "登录失败,Key: 'Person.Name' Error:Field validation for 'Name' failed on the 'required' tag\nKey: 'Person.Password' Error:Field validation for 'Password' failed on the 'required' tag"}
2021/06/02-15:58:59	ERROR	api/login.go:22	登录失败	{"err": "登录失败,Key: 'Person.Name' Error:Field validation for 'Name' failed on the 'required' tag\nKey: 'Person.Password' Error:Field validation for 'Password' failed on the 'required' tag"}
2021/06/02-16:24:22	ERROR	api/login.go:32	登录失败	{"err": "登录失败,Key: 'Person.Name' Error:Field validation for 'Name' failed on the 'required' tag\nKey: 'Person.Password' Error:Field validation for 'Password' failed on the 'required' tag"}
2021/06/02-18:57:21	ERROR	api/login.go:32	登录失败	{"err": "登录失败,Key: 'Person.Name' Error:Field validation for 'Name' failed on the 'required' tag\nKey: 'Person.Password' Error:Field validation for 'Password' failed on the 'required' tag"}
2021/06/02-18:58:07	ERROR	api/login.go:32	登录失败	{"err": "登录失败,Key: 'Person.Name' Error:Field validation for 'Name' failed on the 'required' tag\nKey: 'Person.Password' Error:Field validation for 'Password' failed on the 'required' tag"}
2021/06/02-18:58:29	ERROR	api/login.go:32	登录失败	{"err": "登录失败,Key: 'Person.Name' Error:Field validation for 'Name' failed on the 'required' tag\nKey: 'Person.Password' Error:Field validation for 'Password' failed on the 'required' tag"}
2021/06/02-18:59:19	ERROR	api/login.go:32	登录失败	{"err": "登录失败,Key: 'Person.Name' Error:Field validation for 'Name' failed on the 'required' tag\nKey: 'Person.Password' Error:Field validation for 'Password' failed on the 'required' tag"}
2021/06/02-19:02:01	ERROR	api/login.go:32	登录失败	{"err": "登录失败,Key: 'Person.Name' Error:Field validation for 'Name' failed on the 'required' tag\nKey: 'Person.Password' Error:Field validation for 'Password' failed on the 'required' tag"}
2021/06/02-19:02:03	ERROR	api/login.go:32	登录失败	{"err": "登录失败,Key: 'Person.Name' Error:Field validation for 'Name' failed on the 'required' tag\nKey: 'Person.Password' Error:Field validation for 'Password' failed on the 'required' tag"}
2021/06/02-19:05:50	ERROR	api/login.go:32	登录失败	{"err": "登录失败,Key: 'Person.Name' Error:Field validation for 'Name' failed on the 'required' tag\nKey: 'Person.Password' Error:Field validation for 'Password' failed on the 'required' tag"}
2021/06/02-19:08:54	ERROR	api/login.go:34	登录失败	{"err": "登录失败,Key: 'Person.Name' Error:Field validation for 'Name' failed on the 'required' tag\nKey: 'Person.Password' Error:Field validation for 'Password' failed on the 'required' tag"}
2021/06/02-19:12:53	ERROR	api/login.go:36	登录失败	{"err": "登录失败,Key: 'Person.Name' Error:Field validation for 'Name' failed on the 'required' tag\nKey: 'Person.Password' Error:Field validation for 'Password' failed on the 'required' tag"}
2021/06/02-19:13:20	ERROR	api/login.go:36	登录失败	{"err": "登录失败,Key: 'Person.Name' Error:Field validation for 'Name' failed on the 'required' tag\nKey: 'Person.Password' Error:Field validation for 'Password' failed on the 'required' tag"}
2021/06/02-19:16:45	ERROR	api/login.go:36	登录失败	{"err": "登录失败,Key: 'Person.Name' Error:Field validation for 'Name' failed on the 'required' tag\nKey: 'Person.Password' Error:Field validation for 'Password' failed on the 'required' tag"}
2021/06/02-19:17:14	ERROR	api/login.go:36	登录失败	{"err": "登录失败,EOF"}
2021/06/02-19:18:06	ERROR	api/login.go:36	登录失败	{"err": "登录失败,invalid character 'a' in literal null (expecting 'u')"}
2021/06/02-19:18:26	ERROR	api/login.go:36	登录失败	{"err": "登录失败,invalid character 'a' in literal null (expecting 'u')"}
2021/06/02-19:19:59	ERROR	api/login.go:36	登录失败	{"err": "登录失败,EOF"}
2021/06/02-19:20:10	ERROR	api/login.go:36	登录失败	{"err": "登录失败,EOF"}
2021/06/02-19:24:06	ERROR	api/login.go:36	登录失败	{"err": "登录失败,invalid character '-' in numeric literal"}
2021/06/02-19:24:17	ERROR	api/login.go:36	登录失败	{"err": "登录失败,invalid character 'a' in literal null (expecting 'u')"}
